[12 days ago] f0de553f  PMCORE-3484:Date Time Picker does not close on designer PMCORE_3.7.0-5474 <Fabio Guachalla>
[2 weeks ago] edfc68cb  (origin/bugfix/PMCORE-3412) PMCORE-3412: The message of a dynaform when entering the preview cannot be seen <Rodrigo Quelca>
[7 weeks ago] 8206d992  (origin/bugfix/PMCORE-3355-A) PMCORE-3355 <Andrea Adamczyk>
[3 months ago] 04138f30  (origin/bugfix/PMCORE-952) PMCORE-952 <Andrea Adamczyk>
[3 months ago] 3571981b  (origin/bugfix/PMCORE-3211) PMCORE-3211 Replace the ';' by ',' in file MichelangeloFE/src/formDesigner/src/Designer.js <Roly Rudy Gutierrez Pinto>
[5 months ago] 8712e789  (origin/bugfix/PMCORE-1879-D) PMCORE-1879-D <Henry Jordan>
[6 months ago] 5688f4bf  (origin/bugfix/PMCORE-1879-B) PMCORE-1879 <Henry Jordan>
[6 months ago] 767cc186  (origin/bugfix/PMCORE-3035-A) bugfix/PMCORE-3035-A <Henry Jordan>
[6 months ago] ae6468ca  (origin/bugfix/PMCORE-1879-A) PMCORE-1879-A <Henry Jordan>
[6 months ago] 083df08a  (origin/bugfix/PMCORE-956-B) PMCORE-956 <Henry Jordan>
[6 months ago] 9b58b8f0  (origin/bugfix/PMCORE-1879) PMCORE-1879 <Henry Jordan>
[7 months ago] c977fc31  (origin/bugfix/PMCORE-1880) PMCORE-1880 <Paula Quispe>
[8 months ago] 51e57f37  PMCORE-2866:Export Diagram, Creating "Script task" save and Export Diagram,  appear in console "404 not found" <fabio>
[8 months ago] 65d0c261  fix display error in gridItme <Henry Jordan>
[10 months ago] e0d7bb9a  PMCORE-2671:Start timer event gets a console error when opening the Properties <fabio>
[10 months ago] 83818705  (origin/bugfix/PMCORE-2650) PMCORE-2650 <Andrea Adamczyk>
[11 months ago] 00e326a7  (origin/bugfix/PMCORE-2613) PMCORE-2613 <Andrea Adamczyk>
[11 months ago] 5dbe9651  (origin/bugfix/PMCORE-2529) PMCORE-2529 <Andrea Adamczyk>
[12 months ago] ce322ccd  (origin/feature/PMCORE-640) Fix QA observations, first round <Julio Cesar Laura Avendaño>
[12 months ago] 6a7ecf62  (origin/feature/PMCORE-2433) PMCORE-2433 <Andrea Adamczyk>
[12 months ago] b6393ee0  Hidden radio field in web entry screen <Julio Cesar Laura Avendaño>
[1 year ago] 57fb2f14  (origin/feature/PMCORE-2294) PMCORE-2294 <Andrea Adamczyk>
[1 year ago] ef07459f  (origin/bugfix/PMCORE-2285) PMCORE-2285 <Julio Cesar Laura Avendaño>
[1 year, 1 month ago] a9ede644  (origin/bugfix/PMCORE-2311-C) PMCORE-2311-C <Andrea Adamczyk>
[1 year, 1 month ago] 4ff6db0b  (origin/feature/PMCORE-2313) PMCORE-2307: Disable designer autosave feature <Rodrigo Quelca>
[1 year, 1 month ago] 734f5c8f  (origin/bugfix/PMCORE-2311-B) PMCORE-2311-B <Andrea Adamczyk>
[1 year, 1 month ago] e1b2fc4e  (origin/bugfix/PMCORE-2136-C) PMCORE-2136-C <Henry Jordan>
[1 year, 1 month ago] 0e0de9d8  (origin/bugfix/PMCORE-2311-A) PMCORE-2311-A <Andrea Adamczyk>
[1 year, 1 month ago] d6c268a9  (origin/bugfix/PMCORE-2136-B) PMCORE-2136-B <Henry Jordan>
[1 year, 1 month ago] db51b322  (origin/bugfix/PMCORE-2136-A) PMCORE-2136-A <Henry Jordan>